<?xml version="1.0" encoding="UTF-8"?>
<!-- Generated by org.testng.reporters.JUnitXMLReporter -->
<testsuite hostname="shashikanth-PC" ignored="0" name="Free CRM App Test Cases for chrome(failed)" tests="1" failures="1" timestamp="14 Jan 2019 02:06:00 GMT" time="22.306" errors="0">
  <testcase name="testContentInTopMenuPanelInUserPages" time="0.213" classname="com.freecrm.qa.testCases.AbstractTopMenuPanelInUserPagesTest">
    <failure type="java.lang.AssertionError" message="expected [New Contact] but found []">
      <![CDATA[java.lang.AssertionError: expected [New Contact] but found []
at com.freecrm.qa.testCases.AbstractTopMenuPanelInUserPagesTest.testContentInTopMenuPanelInUserPages(AbstractTopMenuPanelInUserPagesTest.java:43)
... Removed 31 stack frames]]>
    </failure>
  </testcase> <!-- testContentInTopMenuPanelInUserPages -->
</testsuite> <!-- Free CRM App Test Cases for chrome(failed) -->
