<?xml version="1.0" encoding="UTF-8"?>
<!-- Generated by org.testng.reporters.JUnitXMLReporter -->
<testsuite hostname="LAPTOP-DR1UCT03" ignored="8" name="Free CRM App Test Cases for Firefox(failed)(failed)" tests="1" failures="0" timestamp="31 Dec 2018 00:21:45 GMT" time="16.011" errors="0">
  <testcase name="loginPageSupportLnkTest" time="0.126" classname="com.freecrm.qa.testCases.LoginPageTest"/>
  <testcase name="login" time="0.0" classname="com.freecrm.qa.testCases.LoginPageTest">
    <ignored/>
  </testcase> <!-- login -->
  <testcase name="loginPageContactLnkTest" time="0.0" classname="com.freecrm.qa.testCases.LoginPageTest">
    <ignored/>
  </testcase> <!-- loginPageContactLnkTest -->
  <testcase name="loginPageIsLogoDisplayedTest" time="0.0" classname="com.freecrm.qa.testCases.LoginPageTest">
    <ignored/>
  </testcase> <!-- loginPageIsLogoDisplayedTest -->
  <testcase name="loginPageFeaturesLnkTest" time="0.0" classname="com.freecrm.qa.testCases.LoginPageTest">
    <ignored/>
  </testcase> <!-- loginPageFeaturesLnkTest -->
  <testcase name="loginPageTitleTest" time="0.0" classname="com.freecrm.qa.testCases.LoginPageTest">
    <ignored/>
  </testcase> <!-- loginPageTitleTest -->
  <testcase name="loginPageCustomersLnkTest" time="0.0" classname="com.freecrm.qa.testCases.LoginPageTest">
    <ignored/>
  </testcase> <!-- loginPageCustomersLnkTest -->
  <testcase name="loginPagePricingLnkTest" time="0.0" classname="com.freecrm.qa.testCases.LoginPageTest">
    <ignored/>
  </testcase> <!-- loginPagePricingLnkTest -->
  <testcase name="loginPageSignUpLnkTest" time="0.0" classname="com.freecrm.qa.testCases.LoginPageTest">
    <ignored/>
  </testcase> <!-- loginPageSignUpLnkTest -->
</testsuite> <!-- Free CRM App Test Cases for Firefox(failed)(failed) -->
