<?xml version="1.0" encoding="UTF-8"?>
<testng-results skipped="0" failed="1" ignored="0" total="2" passed="1">
  <reporter-output>
  </reporter-output>
  <suite name="freecrm.com Web Application  - Test Automation Test Suite" duration-ms="41070" started-at="2019-01-15T07:13:57Z" finished-at="2019-01-15T07:14:39Z">
    <groups>
    </groups>
    <test name="Free CRM App Test Cases for chrome" duration-ms="41070" started-at="2019-01-15T07:13:57Z" finished-at="2019-01-15T07:14:39Z">
      <class name="com.freecrm.qa.testCases.ContactListPageTest">
        <test-method status="PASS" signature="setup(java.lang.String)[pri:0, instance:com.freecrm.qa.testCases.ContactListPageTest@2667f029]" name="setup" is-config="true" duration-ms="35054" started-at="2019-01-15T07:13:57Z" finished-at="2019-01-15T07:14:33Z">
          <params>
            <param index="0">
              <value>
                <![CDATA[chrome]]>
              </value>
            </param>
          </params>
          <reporter-output>
          </reporter-output>
        </test-method> <!-- setup -->
        <test-method status="PASS" signature="testContentInTopMenuPanelInUserPages()[pri:0, instance:com.freecrm.qa.testCases.ContactListPageTest@2667f029]" name="testContentInTopMenuPanelInUserPages" duration-ms="2948" started-at="2019-01-15T07:14:33Z" finished-at="2019-01-15T07:14:36Z">
          <reporter-output>
          </reporter-output>
        </test-method> <!-- testContentInTopMenuPanelInUserPages -->
        <test-method status="PASS" signature="teardown()[pri:0, instance:com.freecrm.qa.testCases.ContactListPageTest@2667f029]" name="teardown" is-config="true" duration-ms="1011" started-at="2019-01-15T07:14:36Z" finished-at="2019-01-15T07:14:37Z">
          <reporter-output>
          </reporter-output>
        </test-method> <!-- teardown -->
        <test-method status="FAIL" signature="selectContactByNameTest()[pri:0, instance:com.freecrm.qa.testCases.ContactListPageTest@2667f029]" name="selectContactByNameTest" duration-ms="2012" started-at="2019-01-15T07:14:37Z" finished-at="2019-01-15T07:14:39Z">
          <exception class="org.openqa.selenium.NoSuchSessionException">
            <message>
              <![CDATA[Session ID is null. Using WebDriver after calling quit()?
Build info: version: '3.14.0', revision: 'aacccce0', time: '2018-08-02T20:19:58.91Z'
System info: host: 'SHASHIKANTH-PC', ip: '192.168.0.108', os.name: 'Windows 7', os.arch: 'amd64', os.version: '6.1', java.version: '1.8.0_151'
Driver info: driver.version: EventFiringWebDriver]]>
            </message>
            <full-stacktrace>
              <![CDATA[org.openqa.selenium.NoSuchSessionException: Session ID is null. Using WebDriver after calling quit()?
Build info: version: '3.14.0', revision: 'aacccce0', time: '2018-08-02T20:19:58.91Z'
System info: host: 'SHASHIKANTH-PC', ip: '192.168.0.108', os.name: 'Windows 7', os.arch: 'amd64', os.version: '6.1', java.version: '1.8.0_151'
Driver info: driver.version: EventFiringWebDriver
at org.openqa.selenium.remote.HttpCommandExecutor.execute(HttpCommandExecutor.java:125)
at org.openqa.selenium.remote.service.DriverCommandExecutor.execute(DriverCommandExecutor.java:83)
at org.openqa.selenium.remote.RemoteWebDriver.execute(RemoteWebDriver.java:548)
at org.openqa.selenium.remote.RemoteWebDriver.execute(RemoteWebDriver.java:605)
at org.openqa.selenium.remote.RemoteWebDriver.getScreenshotAs(RemoteWebDriver.java:294)
at com.freecrm.qa.common.Browser.takeScreenShot(Browser.java:201)
at com.freecrm.qa.common.Browser.takeScreenshot(Browser.java:184)
at com.freecrm.qa.common.WebEventListener.onException(WebEventListener.java:62)
at sun.reflect.NativeMethodAccessorImpl.invoke0(Native Method)
at sun.reflect.NativeMethodAccessorImpl.invoke(NativeMethodAccessorImpl.java:62)
at sun.reflect.DelegatingMethodAccessorImpl.invoke(DelegatingMethodAccessorImpl.java:43)
at java.lang.reflect.Method.invoke(Method.java:498)
at org.openqa.selenium.support.events.EventFiringWebDriver.lambda$new$0(EventFiringWebDriver.java:84)
at com.sun.proxy.$Proxy23.onException(Unknown Source)
at org.openqa.selenium.support.events.EventFiringWebDriver.lambda$new$1(EventFiringWebDriver.java:107)
at com.sun.proxy.$Proxy24.findElement(Unknown Source)
at org.openqa.selenium.support.events.EventFiringWebDriver.findElement(EventFiringWebDriver.java:194)
at com.freecrm.qa.pages.contact.ContactListPage.selectContactByName(ContactListPage.java:20)
at com.freecrm.qa.testCases.ContactListPageTest.selectContactByNameTest(ContactListPageTest.java:34)
at sun.reflect.NativeMethodAccessorImpl.invoke0(Native Method)
at sun.reflect.NativeMethodAccessorImpl.invoke(NativeMethodAccessorImpl.java:62)
at sun.reflect.DelegatingMethodAccessorImpl.invoke(DelegatingMethodAccessorImpl.java:43)
at java.lang.reflect.Method.invoke(Method.java:498)
at org.testng.internal.MethodInvocationHelper.invokeMethod(MethodInvocationHelper.java:124)
at org.testng.internal.Invoker.invokeMethod(Invoker.java:580)
at org.testng.internal.Invoker.invokeTestMethod(Invoker.java:716)
at org.testng.internal.Invoker.invokeTestMethods(Invoker.java:988)
at org.testng.internal.TestMethodWorker.invokeTestMethods(TestMethodWorker.java:125)
at org.testng.internal.TestMethodWorker.run(TestMethodWorker.java:109)
at org.testng.TestRunner.privateRun(TestRunner.java:648)
at org.testng.TestRunner.run(TestRunner.java:505)
at org.testng.SuiteRunner.runTest(SuiteRunner.java:455)
at org.testng.SuiteRunner.runSequentially(SuiteRunner.java:450)
at org.testng.SuiteRunner.privateRun(SuiteRunner.java:415)
at org.testng.SuiteRunner.run(SuiteRunner.java:364)
at org.testng.SuiteRunnerWorker.runSuite(SuiteRunnerWorker.java:52)
at org.testng.SuiteRunnerWorker.run(SuiteRunnerWorker.java:84)
at org.testng.TestNG.runSuitesSequentially(TestNG.java:1208)
at org.testng.TestNG.runSuitesLocally(TestNG.java:1137)
at org.testng.TestNG.runSuites(TestNG.java:1049)
at org.testng.TestNG.run(TestNG.java:1017)
at org.testng.remote.AbstractRemoteTestNG.run(AbstractRemoteTestNG.java:114)
at org.testng.remote.RemoteTestNG.initAndRun(RemoteTestNG.java:251)
at org.testng.remote.RemoteTestNG.main(RemoteTestNG.java:77)
]]>
            </full-stacktrace>
          </exception> <!-- org.openqa.selenium.NoSuchSessionException -->
          <reporter-output>
          </reporter-output>
        </test-method> <!-- selectContactByNameTest -->
        <test-method status="PASS" signature="teardown()[pri:0, instance:com.freecrm.qa.testCases.ContactListPageTest@2667f029]" name="teardown" is-config="true" duration-ms="0" started-at="2019-01-15T07:14:39Z" finished-at="2019-01-15T07:14:39Z">
          <reporter-output>
          </reporter-output>
        </test-method> <!-- teardown -->
      </class> <!-- com.freecrm.qa.testCases.ContactListPageTest -->
    </test> <!-- Free CRM App Test Cases for chrome -->
  </suite> <!-- freecrm.com Web Application  - Test Automation Test Suite -->
</testng-results>
