<?xml version="1.0" encoding="UTF-8"?>
<testng-results skipped="0" failed="0" ignored="8" total="9" passed="1">
  <reporter-output>
  </reporter-output>
  <suite name="Failed suite [Failed suite [freecrm.com Web Application  - Test Automation Test Suite]]" duration-ms="16011" started-at="2018-12-31T00:21:29Z" finished-at="2018-12-31T00:21:45Z">
    <groups>
    </groups>
    <test name="Free CRM App Test Cases for Firefox(failed)(failed)" duration-ms="16011" started-at="2018-12-31T00:21:29Z" finished-at="2018-12-31T00:21:45Z">
      <class name="com.freecrm.qa.testCases.LoginPageTest">
        <test-method status="PASS" signature="setUp(java.lang.String)[pri:0, instance:com.freecrm.qa.testCases.LoginPageTest@685cb137]" name="setUp" is-config="true" duration-ms="14735" started-at="2018-12-31T00:21:29Z" finished-at="2018-12-31T00:21:43Z">
          <params>
            <param index="0">
              <value>
                <![CDATA[firefox]]>
              </value>
            </param>
          </params>
          <reporter-output>
          </reporter-output>
        </test-method> <!-- setUp -->
        <test-method status="PASS" signature="loginPageSupportLnkTest()[pri:0, instance:com.freecrm.qa.testCases.LoginPageTest@685cb137]" name="loginPageSupportLnkTest" duration-ms="126" started-at="2018-12-31T00:21:43Z" finished-at="2018-12-31T00:21:44Z">
          <reporter-output>
          </reporter-output>
        </test-method> <!-- loginPageSupportLnkTest -->
        <test-method status="PASS" signature="teardown()[pri:0, instance:com.freecrm.qa.testCases.LoginPageTest@685cb137]" name="teardown" is-config="true" duration-ms="1091" started-at="2018-12-31T00:21:44Z" finished-at="2018-12-31T00:21:45Z">
          <reporter-output>
          </reporter-output>
        </test-method> <!-- teardown -->
      </class> <!-- com.freecrm.qa.testCases.LoginPageTest -->
    </test> <!-- Free CRM App Test Cases for Firefox(failed)(failed) -->
  </suite> <!-- Failed suite [Failed suite [freecrm.com Web Application  - Test Automation Test Suite]] -->
</testng-results>
